0 info it worked if it ends with ok
1 verbose cli [ 'C:\\Program Files\\nodejs\\node.exe',
1 verbose cli   'C:\\Program Files\\nodejs\\node_modules\\npm\\bin\\npm-cli.js',
1 verbose cli   'install' ]
2 info using npm@2.15.9
3 info using node@v4.5.0
4 verbose readDependencies loading dependencies from c:\Users\giao.mcarthur\Documents\GitHub\construct-2017\package.json
5 verbose install where, deps [ 'c:\\Users\\giao.mcarthur\\Documents\\GitHub\\construct-2017',
5 verbose install   [ 'autoprefixer',
5 verbose install     'bootstrap',
5 verbose install     'bootstrap-sass',
5 verbose install     'cssnano',
5 verbose install     'grunt-contrib-clean',
5 verbose install     'grunt-contrib-concat',
5 verbose install     'grunt-contrib-copy',
5 verbose install     'grunt-contrib-jshint',
5 verbose install     'grunt-contrib-uglify',
5 verbose install     'grunt-contrib-watch',
5 verbose install     'grunt-exec',
5 verbose install     'grunt-init',
5 verbose install     'grunt-newer',
5 verbose install     'grunt-notify',
5 verbose install     'grunt-postcss',
5 verbose install     'grunt-sass',
5 verbose install     'jquery',
5 verbose install     'jquery.scrollto',
5 verbose install     'knockout',
5 verbose install     'knockout-mapping',
5 verbose install     'moment',
5 verbose install     'requirejs',
5 verbose install     'requirejs-text',
5 verbose install     'responsive-toolkit',
5 verbose install     'select2',
5 verbose install     'sticky-kit',
5 verbose install     'store2',
5 verbose install     'tether',
5 verbose install     'time-grunt' ] ]
6 verbose install where, peers [ 'c:\\Users\\giao.mcarthur\\Documents\\GitHub\\construct-2017',
6 verbose install   [] ]
7 verbose installManyTop reading for lifecycle c:\Users\giao.mcarthur\Documents\GitHub\construct-2017\package.json
8 info preinstall construct@1.0.0
9 verbose installManyTop reading scoped package data from c:\Users\giao.mcarthur\Documents\GitHub\construct-2017\node_modules\autoprefixer\package.json
10 verbose installManyTop reading scoped package data from c:\Users\giao.mcarthur\Documents\GitHub\construct-2017\node_modules\bootstrap\package.json
11 verbose installManyTop reading scoped package data from c:\Users\giao.mcarthur\Documents\GitHub\construct-2017\node_modules\bootstrap-sass\package.json
12 verbose installManyTop reading scoped package data from c:\Users\giao.mcarthur\Documents\GitHub\construct-2017\node_modules\cssnano\package.json
13 verbose installManyTop reading scoped package data from c:\Users\giao.mcarthur\Documents\GitHub\construct-2017\node_modules\grunt\package.json
14 verbose installManyTop reading scoped package data from c:\Users\giao.mcarthur\Documents\GitHub\construct-2017\node_modules\grunt-contrib-clean\package.json
15 verbose installManyTop reading scoped package data from c:\Users\giao.mcarthur\Documents\GitHub\construct-2017\node_modules\grunt-contrib-concat\package.json
16 verbose installManyTop reading scoped package data from c:\Users\giao.mcarthur\Documents\GitHub\construct-2017\node_modules\grunt-contrib-copy\package.json
17 verbose installManyTop reading scoped package data from c:\Users\giao.mcarthur\Documents\GitHub\construct-2017\node_modules\grunt-contrib-jshint\package.json
18 verbose installManyTop reading scoped package data from c:\Users\giao.mcarthur\Documents\GitHub\construct-2017\node_modules\grunt-contrib-uglify\package.json
19 verbose installManyTop reading scoped package data from c:\Users\giao.mcarthur\Documents\GitHub\construct-2017\node_modules\grunt-contrib-watch\package.json
20 verbose installManyTop reading scoped package data from c:\Users\giao.mcarthur\Documents\GitHub\construct-2017\node_modules\grunt-exec\package.json
21 verbose installManyTop reading scoped package data from c:\Users\giao.mcarthur\Documents\GitHub\construct-2017\node_modules\grunt-init\package.json
22 verbose installManyTop reading scoped package data from c:\Users\giao.mcarthur\Documents\GitHub\construct-2017\node_modules\grunt-newer\package.json
23 verbose installManyTop reading scoped package data from c:\Users\giao.mcarthur\Documents\GitHub\construct-2017\node_modules\grunt-notify\package.json
24 verbose installManyTop reading scoped package data from c:\Users\giao.mcarthur\Documents\GitHub\construct-2017\node_modules\grunt-postcss\package.json
25 verbose installManyTop reading scoped package data from c:\Users\giao.mcarthur\Documents\GitHub\construct-2017\node_modules\grunt-sass\package.json
26 verbose installManyTop reading scoped package data from c:\Users\giao.mcarthur\Documents\GitHub\construct-2017\node_modules\jquery\package.json
27 verbose installManyTop reading scoped package data from c:\Users\giao.mcarthur\Documents\GitHub\construct-2017\node_modules\jquery.scrollto\package.json
28 verbose installManyTop reading scoped package data from c:\Users\giao.mcarthur\Documents\GitHub\construct-2017\node_modules\knockout\package.json
29 verbose installManyTop reading scoped package data from c:\Users\giao.mcarthur\Documents\GitHub\construct-2017\node_modules\knockout-mapping\package.json
30 verbose installManyTop reading scoped package data from c:\Users\giao.mcarthur\Documents\GitHub\construct-2017\node_modules\moment\package.json
31 verbose installManyTop reading scoped package data from c:\Users\giao.mcarthur\Documents\GitHub\construct-2017\node_modules\requirejs\package.json
32 verbose installManyTop reading scoped package data from c:\Users\giao.mcarthur\Documents\GitHub\construct-2017\node_modules\requirejs-text\package.json
33 verbose installManyTop reading scoped package data from c:\Users\giao.mcarthur\Documents\GitHub\construct-2017\node_modules\responsive-toolkit\package.json
34 verbose installManyTop reading scoped package data from c:\Users\giao.mcarthur\Documents\GitHub\construct-2017\node_modules\select2\package.json
35 verbose installManyTop reading scoped package data from c:\Users\giao.mcarthur\Documents\GitHub\construct-2017\node_modules\sticky-kit\package.json
36 verbose installManyTop reading scoped package data from c:\Users\giao.mcarthur\Documents\GitHub\construct-2017\node_modules\store2\package.json
37 verbose installManyTop reading scoped package data from c:\Users\giao.mcarthur\Documents\GitHub\construct-2017\node_modules\tether\package.json
38 verbose installManyTop reading scoped package data from c:\Users\giao.mcarthur\Documents\GitHub\construct-2017\node_modules\time-grunt\package.json
39 info package.json grunt-init@0.3.2 No license field.
40 info package.json store2@2.3.2 No license field.
41 info package.json requirejs-text@2.0.12 No license field.
42 verbose readDependencies loading dependencies from c:\Users\giao.mcarthur\Documents\GitHub\construct-2017\package.json
43 verbose targetResolver reading package data from c:\Users\giao.mcarthur\Documents\GitHub\construct-2017\node_modules\autoprefixer\package.json
44 verbose targetResolver reading package data from c:\Users\giao.mcarthur\Documents\GitHub\construct-2017\node_modules\bootstrap\package.json
45 verbose targetResolver reading package data from c:\Users\giao.mcarthur\Documents\GitHub\construct-2017\node_modules\bootstrap-sass\package.json
46 verbose targetResolver reading package data from c:\Users\giao.mcarthur\Documents\GitHub\construct-2017\node_modules\cssnano\package.json
47 verbose targetResolver reading package data from c:\Users\giao.mcarthur\Documents\GitHub\construct-2017\node_modules\grunt\package.json
48 verbose targetResolver reading package data from c:\Users\giao.mcarthur\Documents\GitHub\construct-2017\node_modules\grunt-contrib-clean\package.json
49 verbose targetResolver reading package data from c:\Users\giao.mcarthur\Documents\GitHub\construct-2017\node_modules\grunt-contrib-concat\package.json
50 verbose targetResolver reading package data from c:\Users\giao.mcarthur\Documents\GitHub\construct-2017\node_modules\grunt-contrib-copy\package.json
51 verbose targetResolver reading package data from c:\Users\giao.mcarthur\Documents\GitHub\construct-2017\node_modules\grunt-contrib-jshint\package.json
52 verbose targetResolver reading package data from c:\Users\giao.mcarthur\Documents\GitHub\construct-2017\node_modules\grunt-contrib-uglify\package.json
53 verbose targetResolver reading package data from c:\Users\giao.mcarthur\Documents\GitHub\construct-2017\node_modules\grunt-contrib-watch\package.json
54 verbose targetResolver reading package data from c:\Users\giao.mcarthur\Documents\GitHub\construct-2017\node_modules\grunt-exec\package.json
55 verbose targetResolver reading package data from c:\Users\giao.mcarthur\Documents\GitHub\construct-2017\node_modules\grunt-init\package.json
56 verbose targetResolver reading package data from c:\Users\giao.mcarthur\Documents\GitHub\construct-2017\node_modules\grunt-newer\package.json
57 verbose targetResolver reading package data from c:\Users\giao.mcarthur\Documents\GitHub\construct-2017\node_modules\grunt-notify\package.json
58 verbose targetResolver reading package data from c:\Users\giao.mcarthur\Documents\GitHub\construct-2017\node_modules\grunt-postcss\package.json
59 verbose targetResolver reading package data from c:\Users\giao.mcarthur\Documents\GitHub\construct-2017\node_modules\grunt-sass\package.json
60 verbose targetResolver reading package data from c:\Users\giao.mcarthur\Documents\GitHub\construct-2017\node_modules\jquery\package.json
61 verbose targetResolver reading package data from c:\Users\giao.mcarthur\Documents\GitHub\construct-2017\node_modules\jquery.scrollto\package.json
62 verbose targetResolver reading package data from c:\Users\giao.mcarthur\Documents\GitHub\construct-2017\node_modules\knockout\package.json
63 verbose targetResolver reading package data from c:\Users\giao.mcarthur\Documents\GitHub\construct-2017\node_modules\knockout-mapping\package.json
64 verbose targetResolver reading package data from c:\Users\giao.mcarthur\Documents\GitHub\construct-2017\node_modules\moment\package.json
65 verbose targetResolver reading package data from c:\Users\giao.mcarthur\Documents\GitHub\construct-2017\node_modules\requirejs\package.json
66 verbose targetResolver reading package data from c:\Users\giao.mcarthur\Documents\GitHub\construct-2017\node_modules\requirejs-text\package.json
67 verbose targetResolver reading package data from c:\Users\giao.mcarthur\Documents\GitHub\construct-2017\node_modules\responsive-toolkit\package.json
68 verbose targetResolver reading package data from c:\Users\giao.mcarthur\Documents\GitHub\construct-2017\node_modules\select2\package.json
69 verbose targetResolver reading package data from c:\Users\giao.mcarthur\Documents\GitHub\construct-2017\node_modules\sticky-kit\package.json
70 verbose targetResolver reading package data from c:\Users\giao.mcarthur\Documents\GitHub\construct-2017\node_modules\store2\package.json
71 verbose targetResolver reading package data from c:\Users\giao.mcarthur\Documents\GitHub\construct-2017\node_modules\tether\package.json
72 verbose targetResolver reading package data from c:\Users\giao.mcarthur\Documents\GitHub\construct-2017\node_modules\time-grunt\package.json
73 verbose targetResolver reading package data from c:\Users\giao.mcarthur\Documents\GitHub\construct-2017\node_modules\.bin\grunt\package.json
74 verbose targetResolver reading package data from c:\Users\giao.mcarthur\Documents\GitHub\construct-2017\node_modules\.bin\grunt-init\package.json
75 verbose targetResolver reading package data from c:\Users\giao.mcarthur\Documents\GitHub\construct-2017\node_modules\.bin\grunt-init.cmd\package.json
76 verbose targetResolver reading package data from c:\Users\giao.mcarthur\Documents\GitHub\construct-2017\node_modules\.bin\grunt.cmd\package.json
77 verbose targetResolver reading package data from c:\Users\giao.mcarthur\Documents\GitHub\construct-2017\node_modules\.bin\r.js\package.json
78 verbose targetResolver reading package data from c:\Users\giao.mcarthur\Documents\GitHub\construct-2017\node_modules\.bin\r.js.cmd\package.json
79 verbose targetResolver reading package data from c:\Users\giao.mcarthur\Documents\GitHub\construct-2017\node_modules\.bin\r_js\package.json
80 verbose targetResolver reading package data from c:\Users\giao.mcarthur\Documents\GitHub\construct-2017\node_modules\.bin\r_js.cmd\package.json
81 verbose already installed skipping grunt-exec@^1.0.1 c:\Users\giao.mcarthur\Documents\GitHub\construct-2017
82 verbose already installed skipping grunt-init@^0.3.2 c:\Users\giao.mcarthur\Documents\GitHub\construct-2017
83 verbose already installed skipping grunt-newer@^1.2.0 c:\Users\giao.mcarthur\Documents\GitHub\construct-2017
84 verbose already installed skipping grunt-notify@^0.4.5 c:\Users\giao.mcarthur\Documents\GitHub\construct-2017
85 verbose already installed skipping grunt-postcss@^0.8.0 c:\Users\giao.mcarthur\Documents\GitHub\construct-2017
86 verbose already installed skipping grunt-sass@^1.2.1 c:\Users\giao.mcarthur\Documents\GitHub\construct-2017
87 verbose already installed skipping jquery@^3.1.1 c:\Users\giao.mcarthur\Documents\GitHub\construct-2017
88 verbose already installed skipping jquery.scrollto@^2.1.2 c:\Users\giao.mcarthur\Documents\GitHub\construct-2017
89 verbose already installed skipping knockout@^3.4.1 c:\Users\giao.mcarthur\Documents\GitHub\construct-2017
90 verbose already installed skipping knockout-mapping@^2.6.0 c:\Users\giao.mcarthur\Documents\GitHub\construct-2017
91 verbose already installed skipping moment@^2.7.0 c:\Users\giao.mcarthur\Documents\GitHub\construct-2017
92 verbose already installed skipping requirejs@^2.3.2 c:\Users\giao.mcarthur\Documents\GitHub\construct-2017
93 verbose already installed skipping requirejs-text@2.0.12 c:\Users\giao.mcarthur\Documents\GitHub\construct-2017
94 verbose already installed skipping responsive-toolkit@^2.6.3 c:\Users\giao.mcarthur\Documents\GitHub\construct-2017
95 verbose already installed skipping select2@^4.0.3 c:\Users\giao.mcarthur\Documents\GitHub\construct-2017
96 verbose already installed skipping sticky-kit@^1.1.3 c:\Users\giao.mcarthur\Documents\GitHub\construct-2017
97 verbose already installed skipping store2@^2.3.2 c:\Users\giao.mcarthur\Documents\GitHub\construct-2017
98 verbose already installed skipping tether@^1.4.0 c:\Users\giao.mcarthur\Documents\GitHub\construct-2017
99 verbose already installed skipping time-grunt@^1.4.0 c:\Users\giao.mcarthur\Documents\GitHub\construct-2017
100 verbose already installed skipping autoprefixer@^6.5.3 c:\Users\giao.mcarthur\Documents\GitHub\construct-2017
101 silly cache add args [ 'bootstrap@^4.0.0-alpha.6', null ]
102 verbose cache add spec bootstrap@^4.0.0-alpha.6
103 silly cache add parsed spec Result {
103 silly cache add   raw: 'bootstrap@^4.0.0-alpha.6',
103 silly cache add   scope: null,
103 silly cache add   name: 'bootstrap',
103 silly cache add   rawSpec: '^4.0.0-alpha.6',
103 silly cache add   spec: '>=4.0.0-alpha.6 <5.0.0',
103 silly cache add   type: 'range' }
104 silly addNamed bootstrap@>=4.0.0-alpha.6 <5.0.0
105 verbose addNamed ">=4.0.0-alpha.6 <5.0.0" is a valid semver range for bootstrap
106 silly addNameRange { name: 'bootstrap',
106 silly addNameRange   range: '>=4.0.0-alpha.6 <5.0.0',
106 silly addNameRange   hasData: false }
107 silly mapToRegistry name bootstrap
108 silly mapToRegistry using default registry
109 silly mapToRegistry registry https://registry.npmjs.org/
110 silly mapToRegistry data Result {
110 silly mapToRegistry   raw: 'bootstrap',
110 silly mapToRegistry   scope: null,
110 silly mapToRegistry   name: 'bootstrap',
110 silly mapToRegistry   rawSpec: '',
110 silly mapToRegistry   spec: 'latest',
110 silly mapToRegistry   type: 'tag' }
111 silly mapToRegistry uri https://registry.npmjs.org/bootstrap
112 verbose addNameRange registry:https://registry.npmjs.org/bootstrap not in flight; fetching
113 verbose already installed skipping bootstrap-sass@^3.3.5 c:\Users\giao.mcarthur\Documents\GitHub\construct-2017
114 verbose already installed skipping cssnano@^3.8.1 c:\Users\giao.mcarthur\Documents\GitHub\construct-2017
115 verbose already installed skipping grunt-contrib-clean@^1.0.0 c:\Users\giao.mcarthur\Documents\GitHub\construct-2017
116 verbose already installed skipping grunt-contrib-concat@^1.0.1 c:\Users\giao.mcarthur\Documents\GitHub\construct-2017
117 verbose already installed skipping grunt-contrib-copy@^1.0.0 c:\Users\giao.mcarthur\Documents\GitHub\construct-2017
118 verbose already installed skipping grunt-contrib-jshint@^1.0.0 c:\Users\giao.mcarthur\Documents\GitHub\construct-2017
119 verbose already installed skipping grunt-contrib-uglify@^2.0.0 c:\Users\giao.mcarthur\Documents\GitHub\construct-2017
120 verbose already installed skipping grunt-contrib-watch@^1.0.0 c:\Users\giao.mcarthur\Documents\GitHub\construct-2017
121 verbose request uri https://registry.npmjs.org/bootstrap
122 verbose request no auth needed
123 info attempt registry request try #1 at 21:19:45
124 verbose request id 7d4ad136c18b68cd
125 verbose etag W/"58abe488-c5d3"
126 verbose lastModified Tue, 21 Feb 2017 06:56:08 GMT
127 http request GET https://registry.npmjs.org/bootstrap
128 http 304 https://registry.npmjs.org/bootstrap
129 verbose headers { date: 'Tue, 21 Feb 2017 20:19:45 GMT',
129 verbose headers   via: '1.1 varnish',
129 verbose headers   'cache-control': 'max-age=300',
129 verbose headers   etag: 'W/"58abe488-c5d3"',
129 verbose headers   age: '164',
129 verbose headers   connection: 'keep-alive',
129 verbose headers   'x-served-by': 'cache-bma7033-BMA',
129 verbose headers   'x-cache': 'HIT',
129 verbose headers   'x-cache-hits': '1',
129 verbose headers   'x-timer': 'S1487708385.209245,VS0,VE0',
129 verbose headers   vary: 'Accept-Encoding' }
130 silly get cb [ 304,
130 silly get   { date: 'Tue, 21 Feb 2017 20:19:45 GMT',
130 silly get     via: '1.1 varnish',
130 silly get     'cache-control': 'max-age=300',
130 silly get     etag: 'W/"58abe488-c5d3"',
130 silly get     age: '164',
130 silly get     connection: 'keep-alive',
130 silly get     'x-served-by': 'cache-bma7033-BMA',
130 silly get     'x-cache': 'HIT',
130 silly get     'x-cache-hits': '1',
130 silly get     'x-timer': 'S1487708385.209245,VS0,VE0',
130 silly get     vary: 'Accept-Encoding' } ]
131 verbose etag https://registry.npmjs.org/bootstrap from cache
132 verbose get saving bootstrap to C:\Users\giao.mcarthur\AppData\Roaming\npm-cache\registry.npmjs.org\bootstrap\.cache.json
133 verbose correctMkdir C:\Users\giao.mcarthur\AppData\Roaming\npm-cache correctMkdir not in flight; initializing
134 silly addNameRange number 2 { name: 'bootstrap',
134 silly addNameRange   range: '>=4.0.0-alpha.6 <5.0.0',
134 silly addNameRange   hasData: true }
135 silly addNameRange versions [ 'bootstrap',
135 silly addNameRange   [ '0.0.1',
135 silly addNameRange     '0.0.2',
135 silly addNameRange     '3.1.1',
135 silly addNameRange     '3.2.0',
135 silly addNameRange     '3.3.0',
135 silly addNameRange     '3.3.1',
135 silly addNameRange     '3.3.2',
135 silly addNameRange     '3.3.4',
135 silly addNameRange     '3.3.5',
135 silly addNameRange     '3.3.6',
135 silly addNameRange     '4.0.0-alpha.2',
135 silly addNameRange     '3.3.7',
135 silly addNameRange     '4.0.0-alpha.3',
135 silly addNameRange     '4.0.0-alpha.4',
135 silly addNameRange     '4.0.0-alpha.5',
135 silly addNameRange     '4.0.0-alpha.6' ] ]
136 silly addNamed bootstrap@4.0.0-alpha.6
137 verbose addNamed "4.0.0-alpha.6" is a plain semver version for bootstrap
138 silly cache afterAdd bootstrap@4.0.0-alpha.6
139 verbose afterAdd C:\Users\giao.mcarthur\AppData\Roaming\npm-cache\bootstrap\4.0.0-alpha.6\package\package.json not in flight; writing
140 verbose correctMkdir C:\Users\giao.mcarthur\AppData\Roaming\npm-cache correctMkdir not in flight; initializing
141 verbose afterAdd C:\Users\giao.mcarthur\AppData\Roaming\npm-cache\bootstrap\4.0.0-alpha.6\package\package.json written
142 silly install resolved [ { name: 'bootstrap',
142 silly install resolved     description: 'The most popular front-end framework for developing responsive, mobile first projects on the web.',
142 silly install resolved     version: '4.0.0-alpha.6',
142 silly install resolved     keywords:
142 silly install resolved      [ 'css',
142 silly install resolved        'sass',
142 silly install resolved        'mobile-first',
142 silly install resolved        'responsive',
142 silly install resolved        'front-end',
142 silly install resolved        'framework',
142 silly install resolved        'web' ],
142 silly install resolved     homepage: 'https://getbootstrap.com',
142 silly install resolved     author:
142 silly install resolved      { name: 'The Bootstrap Authors',
142 silly install resolved        url: 'https://github.com/twbs/bootstrap/graphs/contributors' },
142 silly install resolved     contributors: [ [Object] ],
142 silly install resolved     scripts:
142 silly install resolved      { 'change-version': 'node grunt/change-version.js',
142 silly install resolved        'clean-css': 'cleancss --skip-advanced --source-map --output dist/css/bootstrap.min.css dist/css/bootstrap.css && cleancss --skip-advanced --source-map --output dist/css/bootstrap-grid.min.css dist/css/bootstrap-grid.css && cleancss --skip-advanced --source-map --output dist/css/bootstrap-reboot.min.css dist/css/bootstrap-reboot.css',
142 silly install resolved        'clean-css-docs': 'cleancss --skip-advanced --source-map --output docs/assets/css/docs.min.css docs/assets/css/docs.min.css',
142 silly install resolved        eslint: 'eslint --ignore-path .eslintignore js && eslint --config js/tests/.eslintrc.json --env node grunt Gruntfile.js && eslint --config js/tests/.eslintrc.json docs/assets/js/src docs/assets/js/ie-emulation-modes-warning.js docs/assets/js/ie10-viewport-bug-workaround.js',
142 silly install resolved        htmlhint: 'htmlhint --config docs/.htmlhintrc _gh_pages/',
142 silly install resolved        postcss: 'postcss --config grunt/postcss.js --replace dist/css/*.css',
142 silly install resolved        'postcss-docs': 'postcss --config grunt/postcss.js --no-map --replace docs/assets/css/docs.min.css && postcss --config grunt/postcss.js --no-map --replace docs/examples/**/*.css',
142 silly install resolved        sass: 'node-sass --output-style expanded --source-map true --precision 6 scss/bootstrap.scss dist/css/bootstrap.css && node-sass --output-style expanded --source-map true --precision 6 scss/bootstrap-grid.scss dist/css/bootstrap-grid.css && node-sass --output-style expanded --source-map true --precision 6 scss/bootstrap-reboot.scss dist/css/bootstrap-reboot.css',
142 silly install resolved        'sass-docs': 'node-sass --output-style expanded --source-map true --precision 6 docs/assets/scss/docs.scss docs/assets/css/docs.min.css',
142 silly install resolved        'scss-lint': 'bundle exec scss-lint --config scss/.scss-lint.yml --exclude scss/_normalize.scss scss/*.scss',
142 silly install resolved        'scss-lint-docs': 'bundle exec scss-lint --config scss/.scss-lint.yml --exclude docs/assets/scss/docs.scss docs/assets/scss/*.scss',
142 silly install resolved        uglify: 'uglifyjs --compress warnings=false --mangle --comments \'/^!/\' --output dist/js/bootstrap.min.js dist/js/bootstrap.js',
142 silly install resolved        'uglify-docs': 'uglifyjs --compress warnings=false --mangle --comments \'/^!/\' --output docs/assets/js/docs.min.js docs/assets/js/vendor/*.js docs/assets/js/src/application.js',
142 silly install resolved        'update-shrinkwrap': 'npm shrinkwrap --dev && shx mv ./npm-shrinkwrap.json ./grunt/npm-shrinkwrap.json',
142 silly install resolved        test: 'npm run eslint && grunt test' },
142 silly install resolved     style: 'dist/css/bootstrap.css',
142 silly install resolved     sass: 'scss/bootstrap.scss',
142 silly install resolved     main: 'dist/js/bootstrap',
142 silly install resolved     repository:
142 silly install resolved      { type: 'git',
142 silly install resolved        url: 'git+https://github.com/twbs/bootstrap.git' },
142 silly install resolved     bugs: { url: 'https://github.com/twbs/bootstrap/issues' },
142 silly install resolved     license: 'MIT',
142 silly install resolved     dependencies: { jquery: '>=1.9.1', tether: '^1.4.0' },
142 silly install resolved     devDependencies:
142 silly install resolved      { autoprefixer: '^6.6.1',
142 silly install resolved        'babel-eslint': '^7.1.1',
142 silly install resolved        'babel-plugin-transform-es2015-modules-strip': '^0.1.0',
142 silly install resolved        'babel-preset-es2015': '^6.18.0',
142 silly install resolved        'clean-css': '^3.4.23',
142 silly install resolved        eslint: '^3.12.2',
142 silly install resolved        grunt: '^1.0.1',
142 silly install resolved        'grunt-babel': '^6.0.0',
142 silly install resolved        'grunt-build-control': '^0.7.1',
142 silly install resolved        'grunt-contrib-clean': '^1.0.0',
142 silly install resolved        'grunt-contrib-compress': '^1.3.0',
142 silly install resolved        'grunt-contrib-concat': '^1.0.1',
142 silly install resolved        'grunt-contrib-connect': '^1.0.2',
142 silly install resolved        'grunt-contrib-copy': '^1.0.0',
142 silly install resolved        'grunt-contrib-qunit': '^1.2.0',
142 silly install resolved        'grunt-contrib-watch': '^1.0.0',
142 silly install resolved        'grunt-exec': '^1.0.1',
142 silly install resolved        'grunt-html': '^8.1.0',
142 silly install resolved        'grunt-jekyll': '^0.4.4',
142 silly install resolved        'grunt-saucelabs': '^9.0.0',
142 silly install resolved        'grunt-stamp': '^0.3.0',
142 silly install resolved        htmlhint: '^0.9.13',
142 silly install resolved        'is-travis': '^1.0.0',
142 silly install resolved        'load-grunt-tasks': '^3.5.2',
142 silly install resolved        'node-sass': '^4.1.1',
142 silly install resolved        'postcss-cli': '^2.6.0',
142 silly install resolved        'postcss-flexbugs-fixes': '^2.1.0',
142 silly install resolved        shelljs: '^0.7.5',
142 silly install resolved        shx: '^0.2.1',
142 silly install resolved        'time-grunt': '^1.4.0',
142 silly install resolved        'uglify-js': '^2.7.5' },
142 silly install resolved     engines: { node: '>=4' },
142 silly install resolved     files:
142 silly install resolved      [ 'dist',
142 silly install resolved        'grunt',
142 silly install resolved        'js/**/*.js',
142 silly install resolved        'scss/**/*.scss',
142 silly install resolved        'Gruntfile.js',
142 silly install resolved        'LICENSE' ],
142 silly install resolved     jspm:
142 silly install resolved      { main: 'js/bootstrap',
142 silly install resolved        directories: [Object],
142 silly install resolved        shim: [Object],
142 silly install resolved        dependencies: [Object] },
142 silly install resolved     gitHead: '65ffb1c3b6e94440812a2e228cb8e8be512652ec',
142 silly install resolved     _id: 'bootstrap@4.0.0-alpha.6',
142 silly install resolved     _shasum: '4f54dd33ac0deac3b28407bc2df7ec608869c9c8',
142 silly install resolved     _from: 'bootstrap@>=4.0.0-alpha.6 <5.0.0',
142 silly install resolved     _npmVersion: '3.8.3',
142 silly install resolved     _nodeVersion: '5.10.0',
142 silly install resolved     _npmUser: { name: 'twbs', email: 'getbootstrap@gmail.com' },
142 silly install resolved     dist:
142 silly install resolved      { shasum: '4f54dd33ac0deac3b28407bc2df7ec608869c9c8',
142 silly install resolved        tarball: 'https://registry.npmjs.org/bootstrap/-/bootstrap-4.0.0-alpha.6.tgz' },
142 silly install resolved     maintainers: [ [Object] ],
142 silly install resolved     _npmOperationalInternal:
142 silly install resolved      { host: 'packages-12-west.internal.npmjs.com',
142 silly install resolved        tmp: 'tmp/bootstrap-4.0.0-alpha.6.tgz_1483723623729_0.6719418407883495' },
142 silly install resolved     directories: {},
142 silly install resolved     _resolved: 'https://registry.npmjs.org/bootstrap/-/bootstrap-4.0.0-alpha.6.tgz',
142 silly install resolved     readme: 'ERROR: No README data found!' } ]
143 info install bootstrap@4.0.0-alpha.6 into c:\Users\giao.mcarthur\Documents\GitHub\construct-2017
144 info installOne bootstrap@4.0.0-alpha.6
145 verbose installOne of bootstrap to c:\Users\giao.mcarthur\Documents\GitHub\construct-2017 not in flight; installing
146 verbose correctMkdir C:\Users\giao.mcarthur\AppData\Roaming\npm-cache\_locks correctMkdir not in flight; initializing
147 verbose lock using C:\Users\giao.mcarthur\AppData\Roaming\npm-cache\_locks\bootstrap-91c2a745a443c02d.lock for c:\Users\giao.mcarthur\Documents\GitHub\construct-2017\node_modules\bootstrap
148 silly install write writing bootstrap 4.0.0-alpha.6 to c:\Users\giao.mcarthur\Documents\GitHub\construct-2017\node_modules\bootstrap
149 verbose unbuild node_modules\bootstrap
150 silly gentlyRm c:\Users\giao.mcarthur\Documents\GitHub\construct-2017\node_modules\bootstrap is being purged from base c:\Users\giao.mcarthur\Documents\GitHub\construct-2017
151 verbose gentlyRm don't care about contents; nuking c:\Users\giao.mcarthur\Documents\GitHub\construct-2017\node_modules\bootstrap
152 silly vacuum-fs Error: EPERM: operation not permitted, lstat 'c:\Users\giao.mcarthur\Documents\GitHub\construct-2017\node_modules\bootstrap'
152 silly vacuum-fs     at Error (native)
153 verbose unlock done using C:\Users\giao.mcarthur\AppData\Roaming\npm-cache\_locks\bootstrap-91c2a745a443c02d.lock for c:\Users\giao.mcarthur\Documents\GitHub\construct-2017\node_modules\bootstrap
154 verbose stack Error: EPERM: operation not permitted, lstat 'c:\Users\giao.mcarthur\Documents\GitHub\construct-2017\node_modules\bootstrap'
154 verbose stack     at Error (native)
155 verbose cwd c:\Users\giao.mcarthur\Documents\GitHub\construct-2017
156 error Windows_NT 10.0.14393
157 error argv "C:\\Program Files\\nodejs\\node.exe" "C:\\Program Files\\nodejs\\node_modules\\npm\\bin\\npm-cli.js" "install"
158 error node v4.5.0
159 error npm  v2.15.9
160 error path c:\Users\giao.mcarthur\Documents\GitHub\construct-2017\node_modules\bootstrap
161 error code EPERM
162 error errno -4048
163 error syscall lstat
164 error Error: EPERM: operation not permitted, lstat 'c:\Users\giao.mcarthur\Documents\GitHub\construct-2017\node_modules\bootstrap'
164 error     at Error (native)
164 error  { [Error: EPERM: operation not permitted, lstat 'c:\Users\giao.mcarthur\Documents\GitHub\construct-2017\node_modules\bootstrap']
164 error   errno: -4048,
164 error   code: 'EPERM',
164 error   syscall: 'lstat',
164 error   path: 'c:\\Users\\giao.mcarthur\\Documents\\GitHub\\construct-2017\\node_modules\\bootstrap' }
165 error Please try running this command again as root/Administrator.
166 verbose exit [ -4048, true ]
167 verbose unbuild node_modules\bootstrap
168 silly gentlyRm c:\Users\giao.mcarthur\Documents\GitHub\construct-2017\node_modules\bootstrap is being purged from base c:\Users\giao.mcarthur\Documents\GitHub\construct-2017
169 verbose gentlyRm don't care about contents; nuking c:\Users\giao.mcarthur\Documents\GitHub\construct-2017\node_modules\bootstrap
170 silly vacuum-fs Error: EPERM: operation not permitted, lstat 'c:\Users\giao.mcarthur\Documents\GitHub\construct-2017\node_modules\bootstrap'
170 silly vacuum-fs     at Error (native)
171 error error rolling back Error: EPERM: operation not permitted, lstat 'c:\Users\giao.mcarthur\Documents\GitHub\construct-2017\node_modules\bootstrap'
171 error error rolling back     at Error (native)
171 error error rolling back  { [Error: EPERM: operation not permitted, lstat 'c:\Users\giao.mcarthur\Documents\GitHub\construct-2017\node_modules\bootstrap']
171 error error rolling back   errno: -4048,
171 error error rolling back   code: 'EPERM',
171 error error rolling back   syscall: 'lstat',
171 error error rolling back   path: 'c:\\Users\\giao.mcarthur\\Documents\\GitHub\\construct-2017\\node_modules\\bootstrap' }
